This file contains any messages produced by compilers while
running configure, to aid debugging if configure makes a mistake.

It was created by reSID configure 1.0-pre1, which was
generated by GNU Autoconf 2.72.  Invocation command line was

  $ ./configure

## --------- ##
## Platform. ##
## --------- ##

hostname = hayakzans-MacBook-Pro.local
uname -m = arm64
uname -r = 24.1.0
uname -s = Darwin
uname -v = Darwin Kernel Version 24.1.0: Thu Oct 10 21:06:57 PDT 2024; root:xnu-11215.41.3~3/RELEASE_ARM64_T6041

/usr/bin/uname -p = arm
/bin/uname -X     = unknown

/bin/arch              = unknown
/usr/bin/arch -k       = unknown
/usr/convex/getsysinfo = unknown
/usr/bin/hostinfo      = Mach kernel version:
	 Darwin Kernel Version 24.1.0: Thu Oct 10 21:06:57 PDT 2024; root:xnu-11215.41.3~3/RELEASE_ARM64_T6041
Kernel configured for up to 14 processors.
14 processors are physically available.
14 processors are logically available.
Processor type: arm64e (ARM64E)
Processors active: 0 1 2 3 4 5 6 7 8 9 10 11 12 13
Primary memory available: 24.00 gigabytes
Default processor set: 806 tasks, 4452 threads, 14 processors
Load average: 4.30, Mach factor: 11.34
/bin/machine           = unknown
/usr/bin/oslevel       = unknown
/bin/universe          = unknown

PATH: /Users/hayakzan/miniconda3/condabin/
PATH: /opt/homebrew/opt/libtool/bin/
PATH: /Users/hayakzan/miniconda3/condabin/
PATH: /Users/hayakzan/.nvm/versions/node/v22.12.0/bin/
PATH: /opt/homebrew/bin/
PATH: /opt/homebrew/sbin/
PATH: /usr/local/bin/
PATH: /System/Cryptexes/App/usr/bin/
PATH: /usr/bin/
PATH: /bin/
PATH: /usr/sbin/
PATH: /sbin/
PATH: /var/run/com.apple.security.cryptexd/codex.system/bootstrap/usr/local/bin/
PATH: /var/run/com.apple.security.cryptexd/codex.system/bootstrap/usr/bin/
PATH: /var/run/com.apple.security.cryptexd/codex.system/bootstrap/usr/appleinternal/bin/
PATH: /Library/Apple/usr/bin/
PATH: /usr/bin/
PATH: /Users/hayakzan/Library/Python/3.9/bin/


## ----------- ##
## Core tests. ##
## ----------- ##

configure:3026: looking for aux files: compile config.guess config.sub ltmain.sh missing install-sh
configure:3039:  trying ./build-aux/
configure:3068:   ./build-aux/compile found
configure:3068:   ./build-aux/config.guess found
configure:3068:   ./build-aux/config.sub found
configure:3068:   ./build-aux/ltmain.sh found
configure:3068:   ./build-aux/missing found
configure:3050:   ./build-aux/install-sh found
configure:3202: checking for a BSD-compatible install
configure:3276: result: /usr/bin/install -c
configure:3287: checking whether sleep supports fractional seconds
configure:3303: result: yes
configure:3306: checking filesystem timestamp resolution
configure:3441: result: 2
configure:3446: checking whether build environment is sane
configure:3487: result: yes
configure:3658: checking for a race-free mkdir -p
configure:3701: result: mkdir -p
configure:3708: checking for gawk
configure:3744: result: no
configure:3708: checking for mawk
configure:3744: result: no
configure:3708: checking for nawk
configure:3744: result: no
configure:3708: checking for awk
configure:3729: found /usr/bin/awk
configure:3741: result: awk
configure:3752: checking whether make sets $(MAKE)
configure:3776: result: yes
configure:3802: checking whether make supports nested variables
configure:3821: result: yes
configure:3835: checking xargs -n works
configure:3851: result: yes
configure:3983: checking build system type
configure:3999: result: aarch64-apple-darwin24.1.0
configure:4019: checking host system type
configure:4034: result: aarch64-apple-darwin24.1.0
configure:4075: checking how to print strings
configure:4102: result: printf
configure:4136: checking whether make supports the include directive
configure:4151: make -f confmf.GNU && cat confinc.out
this is the am__doit target
configure:4154: $? = 0
configure:4173: result: yes (GNU style)
configure:4250: checking for gcc
configure:4271: found /usr/bin/gcc
configure:4283: result: gcc
configure:4642: checking for C compiler version
configure:4651: gcc --version >&5
Apple clang version 16.0.0 (clang-1600.0.26.6)
Target: arm64-apple-darwin24.1.0
Thread model: posix
InstalledDir: /Library/Developer/CommandLineTools/usr/bin
configure:4662: $? = 0
configure:4651: gcc -v >&5
Apple clang version 16.0.0 (clang-1600.0.26.6)
Target: arm64-apple-darwin24.1.0
Thread model: posix
InstalledDir: /Library/Developer/CommandLineTools/usr/bin
configure:4662: $? = 0
configure:4651: gcc -V >&5
clang: error: argument to '-V' is missing (expected 1 value)
clang: error: no input files
configure:4662: $? = 1
configure:4651: gcc -qversion >&5
clang: error: unknown argument '-qversion'; did you mean '--version'?
clang: error: no input files
configure:4662: $? = 1
configure:4651: gcc -version >&5
clang: error: unknown argument '-version'; did you mean '--version'?
clang: error: no input files
configure:4662: $? = 1
configure:4682: checking whether the C compiler works
configure:4704: gcc    conftest.c  >&5
configure:4708: $? = 0
configure:4759: result: yes
configure:4763: checking for C compiler default output file name
configure:4765: result: a.out
configure:4771: checking for suffix of executables
configure:4778: gcc -o conftest    conftest.c  >&5
configure:4782: $? = 0
configure:4806: result: 
configure:4830: checking whether we are cross compiling
configure:4838: gcc -o conftest    conftest.c  >&5
configure:4842: $? = 0
configure:4849: ./conftest
configure:4853: $? = 0
configure:4868: result: no
configure:4874: checking for suffix of object files
configure:4897: gcc -c   conftest.c >&5
configure:4901: $? = 0
configure:4925: result: o
configure:4929: checking whether the compiler supports GNU C
configure:4949: gcc -c   conftest.c >&5
configure:4949: $? = 0
configure:4961: result: yes
configure:4972: checking whether gcc accepts -g
configure:4993: gcc -c -g  conftest.c >&5
configure:4993: $? = 0
configure:5040: result: yes
configure:5060: checking for gcc option to enable C11 features
configure:5075: gcc  -c -g -O2  conftest.c >&5
configure:5075: $? = 0
configure:5094: result: none needed
configure:5218: checking whether gcc understands -c and -o together
configure:5241: gcc -c conftest.c -o conftest2.o
configure:5244: $? = 0
configure:5241: gcc -c conftest.c -o conftest2.o
configure:5244: $? = 0
configure:5257: result: yes
configure:5276: checking dependency style of gcc
configure:5389: result: gcc3
configure:5404: checking for a sed that does not truncate output
configure:5476: result: /usr/bin/sed
configure:5494: checking for grep that handles long lines and -e
configure:5560: result: /usr/bin/grep
configure:5565: checking for egrep
configure:5635: result: /usr/bin/grep -E
configure:5642: checking for fgrep
configure:5712: result: /usr/bin/grep -F
configure:5749: checking for ld used by gcc
configure:5818: result: /Library/Developer/CommandLineTools/usr/bin/ld
configure:5825: checking if the linker (/Library/Developer/CommandLineTools/usr/bin/ld) is GNU ld
configure:5842: result: no
configure:5854: checking for BSD- or MS-compatible name lister (nm)
configure:5910: result: /usr/bin/nm -B
configure:6052: checking the name lister (/usr/bin/nm -B) interface
configure:6060: gcc -c -g -O2  conftest.c >&5
configure:6063: /usr/bin/nm -B "conftest.o"
configure:6066: output
0000000000000248 S _some_variable
0000000000000000 t ltmp0
0000000000000248 s ltmp1
configure:6074: result: BSD nm
configure:6077: checking whether ln -s works
configure:6081: result: yes
configure:6089: checking the maximum length of command line arguments
configure:6222: result: 786432
configure:6270: checking how to convert aarch64-apple-darwin24.1.0 file names to aarch64-apple-darwin24.1.0 format
configure:6312: result: func_convert_file_noop
configure:6319: checking how to convert aarch64-apple-darwin24.1.0 file names to toolchain format
configure:6341: result: func_convert_file_noop
configure:6348: checking for /Library/Developer/CommandLineTools/usr/bin/ld option to reload object files
configure:6357: result: -r
configure:6390: checking for file
configure:6411: found /usr/bin/file
configure:6424: result: file
configure:6487: checking for objdump
configure:6508: found /usr/bin/objdump
configure:6520: result: objdump
configure:6552: checking how to recognize dependent libraries
configure:6761: result: pass_all
configure:6852: checking for dlltool
configure:6888: result: no
configure:6918: checking how to associate runtime and link libraries
configure:6947: result: printf %s\n
configure:7008: checking for ranlib
configure:7029: found /usr/bin/ranlib
configure:7041: result: ranlib
configure:7118: checking for ar
configure:7139: found /usr/bin/ar
configure:7151: result: ar
configure:7204: checking for archiver @FILE support
configure:7222: gcc -c -g -O2  conftest.c >&5
configure:7222: $? = 0
configure:7226: ar cr libconftest.a @conftest.lst >&5
ar: @conftest.lst: No such file or directory
configure:7229: $? = 1
configure:7250: result: no
configure:7314: checking for strip
configure:7335: found /usr/bin/strip
configure:7347: result: strip
configure:7450: checking command to parse /usr/bin/nm -B output from gcc object
configure:7604: gcc -c -g -O2  conftest.c >&5
configure:7607: $? = 0
configure:7611: /usr/bin/nm -B conftest.o | /usr/bin/sed -n -e 's/^.*[	 ]\([ABCDGIRSTW][ABCDGIRSTW]*\)[	 ][	 ]*\([_A-Za-z][_A-Za-z0-9]*\)$/\1 \2 \2/p' | /usr/bin/sed '/ __gnu_lto/d' > conftest.nm
cannot find nm_test_var in conftest.nm
configure:7604: gcc -c -g -O2  conftest.c >&5
configure:7607: $? = 0
configure:7611: /usr/bin/nm -B conftest.o | /usr/bin/sed -n -e 's/^.*[	 ]\([ABCDGIRSTW][ABCDGIRSTW]*\)[	 ][	 ]*_\([_A-Za-z][_A-Za-z0-9]*\)$/\1 _\2 \2/p' | /usr/bin/sed '/ __gnu_lto/d' > conftest.nm
configure:7677: gcc -o conftest -g -O2   conftest.c conftstm.o >&5
configure:7680: $? = 0
configure:7719: result: ok
configure:7766: checking for sysroot
configure:7800: result: no
configure:7807: checking for a working dd
configure:7852: result: /bin/dd
configure:7856: checking how to truncate binary pipes
configure:7873: result: /bin/dd bs=4096 count=1
configure:8213: checking for mt
configure:8249: result: no
configure:8269: checking if : is a manifest tool
configure:8276: : '-?'
configure:8285: result: no
configure:8347: checking for dsymutil
configure:8368: found /usr/bin/dsymutil
configure:8380: result: dsymutil
configure:8451: checking for nmedit
configure:8472: found /usr/bin/nmedit
configure:8484: result: nmedit
configure:8555: checking for lipo
configure:8576: found /usr/bin/lipo
configure:8588: result: lipo
configure:8659: checking for otool
configure:8680: found /usr/bin/otool
configure:8692: result: otool
configure:8763: checking for otool64
configure:8799: result: no
configure:8844: checking for -single_module linker flag
gcc -g -O2  -o libconftest.dylib -dynamiclib -Wl,-single_module conftest.c
ld: warning: -single_module is obsolete
configure:8879: result: no
configure:8884: checking for -no_fixup_chains linker flag
configure:8903: gcc -o conftest -g -O2   -Wl,-no_fixup_chains conftest.c  >&5
configure:8903: $? = 0
configure:8918: result: yes
configure:8921: checking for -exported_symbols_list linker flag
configure:8942: gcc -o conftest -g -O2   -Wl,-exported_symbols_list,conftest.sym conftest.c  >&5
configure:8942: $? = 0
configure:8955: result: yes
configure:8958: checking for -force_load linker flag
gcc -g -O2 -c -o conftest.o conftest.c
ar cr libconftest.a conftest.o
ranlib libconftest.a
gcc -g -O2  -o conftest conftest.c -Wl,-force_load,./libconftest.a
configure:8992: result: yes
configure:9082: checking for stdio.h
configure:9082: gcc -c -g -O2  conftest.c >&5
configure:9082: $? = 0
configure:9082: result: yes
configure:9082: checking for stdlib.h
configure:9082: gcc -c -g -O2  conftest.c >&5
configure:9082: $? = 0
configure:9082: result: yes
configure:9082: checking for string.h
configure:9082: gcc -c -g -O2  conftest.c >&5
configure:9082: $? = 0
configure:9082: result: yes
configure:9082: checking for inttypes.h
configure:9082: gcc -c -g -O2  conftest.c >&5
configure:9082: $? = 0
configure:9082: result: yes
configure:9082: checking for stdint.h
configure:9082: gcc -c -g -O2  conftest.c >&5
configure:9082: $? = 0
configure:9082: result: yes
configure:9082: checking for strings.h
configure:9082: gcc -c -g -O2  conftest.c >&5
configure:9082: $? = 0
configure:9082: result: yes
configure:9082: checking for sys/stat.h
configure:9082: gcc -c -g -O2  conftest.c >&5
configure:9082: $? = 0
configure:9082: result: yes
configure:9082: checking for sys/types.h
configure:9082: gcc -c -g -O2  conftest.c >&5
configure:9082: $? = 0
configure:9082: result: yes
configure:9082: checking for unistd.h
configure:9082: gcc -c -g -O2  conftest.c >&5
configure:9082: $? = 0
configure:9082: result: yes
configure:9107: checking for dlfcn.h
configure:9107: gcc -c -g -O2  conftest.c >&5
configure:9107: $? = 0
configure:9107: result: yes
configure:9409: checking for objdir
configure:9426: result: .libs
configure:9692: checking if gcc supports -fno-rtti -fno-exceptions
configure:9711: gcc -c -g -O2  -fno-rtti -fno-exceptions conftest.c >&5
configure:9715: $? = 0
configure:9729: result: yes
configure:10102: checking for gcc option to produce PIC
configure:10111: result: -fno-common -DPIC
configure:10119: checking if gcc PIC flag -fno-common -DPIC works
configure:10138: gcc -c -g -O2  -fno-common -DPIC -DPIC conftest.c >&5
configure:10142: $? = 0
configure:10156: result: yes
configure:10185: checking if gcc static flag -static works
configure:10215: result: no
configure:10230: checking if gcc supports -c -o file.o
configure:10252: gcc -c -g -O2  -o out/conftest2.o conftest.c >&5
configure:10256: $? = 0
configure:10279: result: yes
configure:10287: checking if gcc supports -c -o file.o
configure:10336: result: yes
configure:10369: checking whether the gcc linker (/Library/Developer/CommandLineTools/usr/bin/ld) supports shared libraries
configure:11653: result: yes
configure:11895: checking dynamic linker characteristics
configure:13279: result: darwin24.1.0 dyld
configure:13401: checking how to hardcode library paths into programs
configure:13426: result: immediate
configure:14026: checking whether stripping libraries is possible
configure:14043: result: yes
configure:14077: checking if libtool supports shared libraries
configure:14079: result: yes
configure:14082: checking whether to build shared libraries
configure:14107: result: no
configure:14110: checking whether to build static libraries
configure:14114: result: yes
configure:14308: checking for g++
configure:14329: found /usr/bin/g++
configure:14341: result: g++
configure:14368: checking for C++ compiler version
configure:14377: g++ --version >&5
Apple clang version 16.0.0 (clang-1600.0.26.6)
Target: arm64-apple-darwin24.1.0
Thread model: posix
InstalledDir: /Library/Developer/CommandLineTools/usr/bin
configure:14388: $? = 0
configure:14377: g++ -v >&5
Apple clang version 16.0.0 (clang-1600.0.26.6)
Target: arm64-apple-darwin24.1.0
Thread model: posix
InstalledDir: /Library/Developer/CommandLineTools/usr/bin
configure:14388: $? = 0
configure:14377: g++ -V >&5
clang++: error: argument to '-V' is missing (expected 1 value)
clang++: error: no input files
configure:14388: $? = 1
configure:14377: g++ -qversion >&5
clang++: error: unknown argument '-qversion'; did you mean '--version'?
clang++: error: no input files
configure:14388: $? = 1
configure:14392: checking whether the compiler supports GNU C++
configure:14412: g++ -c   conftest.cpp >&5
configure:14412: $? = 0
configure:14424: result: yes
configure:14435: checking whether g++ accepts -g
configure:14456: g++ -c -g  conftest.cpp >&5
configure:14456: $? = 0
configure:14503: result: yes
configure:14523: checking for g++ option to enable C++11 features
configure:14538: g++  -c -g -O2  conftest.cpp >&5
conftest.cpp:69:3: error: "Compiler does not advertise C++11 conformance"
   69 | # error "Compiler does not advertise C++11 conformance"
      |   ^
conftest.cpp:74:3: error: unknown type name 'constexpr'
   74 |   constexpr int get_val() { return 20; }
      |   ^
conftest.cpp:86:17: error: delegating constructors are permitted only in C++11
   86 |     delegate(): delegate(2354) {}
      |                 ^~~~~~~~
conftest.cpp:97:26: warning: 'override' keyword is a C++11 extension [-Wc++11-extensions]
   97 |     virtual int getval() override final { return this->n * 2; }
      |                          ^
conftest.cpp:97:35: warning: 'final' keyword is a C++11 extension [-Wc++11-extensions]
   97 |     virtual int getval() override final { return this->n * 2; }
      |                                   ^
conftest.cpp:104:16: warning: defaulted function definitions are a C++11 extension [-Wc++11-extensions]
  104 |     nocopy() = default;
      |                ^
conftest.cpp:105:29: warning: deleted function definitions are a C++11 extension [-Wc++11-extensions]
  105 |     nocopy(const nocopy&) = delete;
      |                             ^
conftest.cpp:106:41: warning: deleted function definitions are a C++11 extension [-Wc++11-extensions]
  106 |     nocopy & operator=(const nocopy&) = delete;
      |                                         ^
conftest.cpp:118:25: warning: 'auto' type specifier is a C++11 extension [-Wc++11-extensions]
  118 |   template <typename V> auto sum(V first) -> V
      |                         ^
conftest.cpp:118:25: error: 'auto' not allowed in function return type
  118 |   template <typename V> auto sum(V first) -> V
      |                         ^~~~
conftest.cpp:118:42: error: expected ';' at end of declaration
  118 |   template <typename V> auto sum(V first) -> V
      |                                          ^
      |                                          ;
conftest.cpp:118:43: error: cannot use arrow operator on a type
  118 |   template <typename V> auto sum(V first) -> V
      |                                           ^
conftest.cpp:122:33: warning: variadic templates are a C++11 extension [-Wc++11-extensions]
  122 |   template <typename V, typename... Args> auto sum(V first, Args... rest) -> V
      |                                 ^
conftest.cpp:122:43: warning: 'auto' type specifier is a C++11 extension [-Wc++11-extensions]
  122 |   template <typename V, typename... Args> auto sum(V first, Args... rest) -> V
      |                                           ^
conftest.cpp:122:43: error: 'auto' not allowed in function return type
  122 |   template <typename V, typename... Args> auto sum(V first, Args... rest) -> V
      |                                           ^~~~
conftest.cpp:122:74: error: expected ';' at end of declaration
  122 |   template <typename V, typename... Args> auto sum(V first, Args... rest) -> V
      |                                                                          ^
      |                                                                          ;
conftest.cpp:122:75: error: cannot use arrow operator on a type
  122 |   template <typename V, typename... Args> auto sum(V first, Args... rest) -> V
      |                                                                           ^
conftest.cpp:146:3: warning: 'auto' type specifier is a C++11 extension [-Wc++11-extensions]
  146 |   auto a1 = 6538;
      |   ^
conftest.cpp:147:3: warning: 'auto' type specifier is a C++11 extension [-Wc++11-extensions]
  147 |   auto a2 = 48573953.4;
      |   ^
conftest.cpp:148:3: warning: 'auto' type specifier is a C++11 extension [-Wc++11-extensions]
  148 |   auto a3 = "String literal";
      |   ^
conftest.cpp:151:8: warning: 'auto' type specifier is a C++11 extension [-Wc++11-extensions]
  151 |   for (auto i = a3; *i; ++i) { total += *i; }
      |        ^
conftest.cpp:167:8: warning: 'auto' type specifier is a C++11 extension [-Wc++11-extensions]
  167 |   for (auto &x : array) { x += 23; }
      |        ^
conftest.cpp:167:16: warning: range-based for loop is a C++11 extension [-Wc++11-extensions]
  167 |   for (auto &x : array) { x += 23; }
      |                ^
conftest.cpp:172:17: error: expected expression
  172 |   assert (eval ([](int x) { return x*2; }, 21) == 42);
      |                 ^
conftest.cpp:174:17: error: expected expression
  174 |   assert (eval ([&](double x) { return d += x; }, 3.0) == 5.0);
      |                 ^
conftest.cpp:176:17: error: expected expression
  176 |   assert (eval ([=](double x) mutable { return d += x; }, 4.0) == 9.0);
      |                 ^
conftest.cpp:182:3: warning: 'auto' type specifier is a C++11 extension [-Wc++11-extensions]
  182 |   auto a = sum(1);
      |   ^
conftest.cpp:182:12: error: no matching function for call to 'sum'
  182 |   auto a = sum(1);
      |            ^~~
conftest.cpp:183:3: warning: 'auto' type specifier is a C++11 extension [-Wc++11-extensions]
  183 |   auto b = sum(1, 2);
      |   ^
conftest.cpp:183:12: error: no matching function for call to 'sum'
  183 |   auto b = sum(1, 2);
      |            ^~~
conftest.cpp:184:3: warning: 'auto' type specifier is a C++11 extension [-Wc++11-extensions]
  184 |   auto c = sum(1.0, 2.0, 3.0);
      |   ^
conftest.cpp:184:12: error: no matching function for call to 'sum'
  184 |   auto c = sum(1.0, 2.0, 3.0);
      |            ^~~
conftest.cpp:189:25: warning: empty parentheses interpreted as a function declaration [-Wvexing-parse]
  189 |   cxx11test::delegate d2();
      |                         ^~
conftest.cpp:189:25: note: remove parentheses to declare a variable
  189 |   cxx11test::delegate d2();
      |                         ^~
conftest.cpp:202:16: error: found '<::' after a template name which forms the digraph '<:' (aka '[') and a ':', did you mean '< ::'?
  202 |   test_template<::test_template<int>> v(test_template<int>(12));
      |                ^~~
      |                < ::
conftest.cpp:202:36: error: a space is required between consecutive right angle brackets (use '> >')
  202 |   test_template<::test_template<int>> v(test_template<int>(12));
      |                                    ^~
      |                                    > >
conftest.cpp:206:22: error: use of undeclared identifier 'u8'
  206 |   char const *utf8 = u8"UTF-8 string \u2500";
      |                      ^
conftest.cpp:206:24: error: expected ';' at end of declaration
  206 |   char const *utf8 = u8"UTF-8 string \u2500";
      |                        ^
      |                        ;
fatal error: too many errors emitted, stopping now [-ferror-limit=]
18 warnings and 20 errors generated.
configure:14538: $? = 1
configure: failed program was:
| /* confdefs.h */
| #define PACKAGE_NAME "reSID"
| #define PACKAGE_TARNAME "resid"
| #define PACKAGE_VERSION "1.0-pre1"
| #define PACKAGE_STRING "reSID 1.0-pre1"
| #define PACKAGE_BUGREPORT "resid@nimrod.no"
| #define PACKAGE_URL ""
| #define PACKAGE "resid"
| #define VERSION "1.0-pre1"
| #define HAVE_STDIO_H 1
| #define HAVE_STDLIB_H 1
| #define HAVE_STRING_H 1
| #define HAVE_INTTYPES_H 1
| #define HAVE_STDINT_H 1
| #define HAVE_STRINGS_H 1
| #define HAVE_SYS_STAT_H 1
| #define HAVE_SYS_TYPES_H 1
| #define HAVE_UNISTD_H 1
| #define STDC_HEADERS 1
| #define HAVE_DLFCN_H 1
| #define LT_OBJDIR ".libs/"
| /* end confdefs.h.  */
| 
| // Does the compiler advertise C++98 conformance?
| #if !defined __cplusplus || __cplusplus < 199711L
| # error "Compiler does not advertise C++98 conformance"
| #endif
| 
| // These inclusions are to reject old compilers that
| // lack the unsuffixed header files.
| #include <cstdlib>
| #include <exception>
| 
| // <cassert> and <cstring> are *not* freestanding headers in C++98.
| extern void assert (int);
| namespace std {
|   extern int strcmp (const char *, const char *);
| }
| 
| // Namespaces, exceptions, and templates were all added after "C++ 2.0".
| using std::exception;
| using std::strcmp;
| 
| namespace {
| 
| void test_exception_syntax()
| {
|   try {
|     throw "test";
|   } catch (const char *s) {
|     // Extra parentheses suppress a warning when building autoconf itself,
|     // due to lint rules shared with more typical C programs.
|     assert (!(strcmp) (s, "test"));
|   }
| }
| 
| template <typename T> struct test_template
| {
|   T const val;
|   explicit test_template(T t) : val(t) {}
|   template <typename U> T add(U u) { return static_cast<T>(u) + val; }
| };
| 
| } // anonymous namespace
| 
| 
| // Does the compiler advertise C++ 2011 conformance?
| #if !defined __cplusplus || __cplusplus < 201103L
| # error "Compiler does not advertise C++11 conformance"
| #endif
| 
| namespace cxx11test
| {
|   constexpr int get_val() { return 20; }
| 
|   struct testinit
|   {
|     int i;
|     double d;
|   };
| 
|   class delegate
|   {
|   public:
|     delegate(int n) : n(n) {}
|     delegate(): delegate(2354) {}
| 
|     virtual int getval() { return this->n; };
|   protected:
|     int n;
|   };
| 
|   class overridden : public delegate
|   {
|   public:
|     overridden(int n): delegate(n) {}
|     virtual int getval() override final { return this->n * 2; }
|   };
| 
|   class nocopy
|   {
|   public:
|     nocopy(int i): i(i) {}
|     nocopy() = default;
|     nocopy(const nocopy&) = delete;
|     nocopy & operator=(const nocopy&) = delete;
|   private:
|     int i;
|   };
| 
|   // for testing lambda expressions
|   template <typename Ret, typename Fn> Ret eval(Fn f, Ret v)
|   {
|     return f(v);
|   }
| 
|   // for testing variadic templates and trailing return types
|   template <typename V> auto sum(V first) -> V
|   {
|     return first;
|   }
|   template <typename V, typename... Args> auto sum(V first, Args... rest) -> V
|   {
|     return first + sum(rest...);
|   }
| }
| 
| 
| int
| main (int argc, char **argv)
| {
|   int ok = 0;
|   
|   assert (argc);
|   assert (! argv[0]);
| {
|   test_exception_syntax ();
|   test_template<double> tt (2.0);
|   assert (tt.add (4) == 6.0);
|   assert (true && !false);
| }
| 
|   
| {
|   // Test auto and decltype
|   auto a1 = 6538;
|   auto a2 = 48573953.4;
|   auto a3 = "String literal";
| 
|   int total = 0;
|   for (auto i = a3; *i; ++i) { total += *i; }
| 
|   decltype(a2) a4 = 34895.034;
| }
| {
|   // Test constexpr
|   short sa[cxx11test::get_val()] = { 0 };
| }
| {
|   // Test initializer lists
|   cxx11test::testinit il = { 4323, 435234.23544 };
| }
| {
|   // Test range-based for
|   int array[] = {9, 7, 13, 15, 4, 18, 12, 10, 5, 3,
|                  14, 19, 17, 8, 6, 20, 16, 2, 11, 1};
|   for (auto &x : array) { x += 23; }
| }
| {
|   // Test lambda expressions
|   using cxx11test::eval;
|   assert (eval ([](int x) { return x*2; }, 21) == 42);
|   double d = 2.0;
|   assert (eval ([&](double x) { return d += x; }, 3.0) == 5.0);
|   assert (d == 5.0);
|   assert (eval ([=](double x) mutable { return d += x; }, 4.0) == 9.0);
|   assert (d == 5.0);
| }
| {
|   // Test use of variadic templates
|   using cxx11test::sum;
|   auto a = sum(1);
|   auto b = sum(1, 2);
|   auto c = sum(1.0, 2.0, 3.0);
| }
| {
|   // Test constructor delegation
|   cxx11test::delegate d1;
|   cxx11test::delegate d2();
|   cxx11test::delegate d3(45);
| }
| {
|   // Test override and final
|   cxx11test::overridden o1(55464);
| }
| {
|   // Test nullptr
|   char *c = nullptr;
| }
| {
|   // Test template brackets
|   test_template<::test_template<int>> v(test_template<int>(12));
| }
| {
|   // Unicode literals
|   char const *utf8 = u8"UTF-8 string \u2500";
|   char16_t const *utf16 = u"UTF-8 string \u2500";
|   char32_t const *utf32 = U"UTF-32 string \u2500";
| }
| 
|   return ok;
| }
| 
configure:14538: g++ -std=gnu++11 -c -g -O2  conftest.cpp >&5
conftest.cpp:189:25: warning: empty parentheses interpreted as a function declaration [-Wvexing-parse]
  189 |   cxx11test::delegate d2();
      |                         ^~
conftest.cpp:189:25: note: remove parentheses to declare a variable
  189 |   cxx11test::delegate d2();
      |                         ^~
1 warning generated.
configure:14538: $? = 0
configure:14560: result: -std=gnu++11
configure:14628: checking dependency style of g++ -std=gnu++11
configure:14741: result: gcc3
configure:14774: checking how to run the C++ preprocessor
configure:14796: g++ -std=gnu++11 -E  conftest.cpp
configure:14796: $? = 0
configure:14812: g++ -std=gnu++11 -E  conftest.cpp
conftest.cpp:23:10: fatal error: 'ac_nonexistent.h' file not found
   23 | #include <ac_nonexistent.h>
      |          ^~~~~~~~~~~~~~~~~~
1 error generated.
configure:14812: $? = 1
configure: failed program was:
| /* confdefs.h */
| #define PACKAGE_NAME "reSID"
| #define PACKAGE_TARNAME "resid"
| #define PACKAGE_VERSION "1.0-pre1"
| #define PACKAGE_STRING "reSID 1.0-pre1"
| #define PACKAGE_BUGREPORT "resid@nimrod.no"
| #define PACKAGE_URL ""
| #define PACKAGE "resid"
| #define VERSION "1.0-pre1"
| #define HAVE_STDIO_H 1
| #define HAVE_STDLIB_H 1
| #define HAVE_STRING_H 1
| #define HAVE_INTTYPES_H 1
| #define HAVE_STDINT_H 1
| #define HAVE_STRINGS_H 1
| #define HAVE_SYS_STAT_H 1
| #define HAVE_SYS_TYPES_H 1
| #define HAVE_UNISTD_H 1
| #define STDC_HEADERS 1
| #define HAVE_DLFCN_H 1
| #define LT_OBJDIR ".libs/"
| /* end confdefs.h.  */
| #include <ac_nonexistent.h>
configure:14841: result: g++ -std=gnu++11 -E
configure:14855: g++ -std=gnu++11 -E  conftest.cpp
configure:14855: $? = 0
configure:14871: g++ -std=gnu++11 -E  conftest.cpp
conftest.cpp:23:10: fatal error: 'ac_nonexistent.h' file not found
   23 | #include <ac_nonexistent.h>
      |          ^~~~~~~~~~~~~~~~~~
1 error generated.
configure:14871: $? = 1
configure: failed program was:
| /* confdefs.h */
| #define PACKAGE_NAME "reSID"
| #define PACKAGE_TARNAME "resid"
| #define PACKAGE_VERSION "1.0-pre1"
| #define PACKAGE_STRING "reSID 1.0-pre1"
| #define PACKAGE_BUGREPORT "resid@nimrod.no"
| #define PACKAGE_URL ""
| #define PACKAGE "resid"
| #define VERSION "1.0-pre1"
| #define HAVE_STDIO_H 1
| #define HAVE_STDLIB_H 1
| #define HAVE_STRING_H 1
| #define HAVE_INTTYPES_H 1
| #define HAVE_STDINT_H 1
| #define HAVE_STRINGS_H 1
| #define HAVE_SYS_STAT_H 1
| #define HAVE_SYS_TYPES_H 1
| #define HAVE_UNISTD_H 1
| #define STDC_HEADERS 1
| #define HAVE_DLFCN_H 1
| #define LT_OBJDIR ".libs/"
| /* end confdefs.h.  */
| #include <ac_nonexistent.h>
configure:15039: checking for ld used by g++ -std=gnu++11
configure:15108: result: /Library/Developer/CommandLineTools/usr/bin/ld
configure:15115: checking if the linker (/Library/Developer/CommandLineTools/usr/bin/ld) is GNU ld
configure:15132: result: no
configure:15186: checking whether the g++ -std=gnu++11 linker (/Library/Developer/CommandLineTools/usr/bin/ld) supports shared libraries
configure:16274: result: yes
configure:16310: g++ -std=gnu++11 -c -g -O2  conftest.cpp >&5
configure:16313: $? = 0
configure:16799: checking for g++ -std=gnu++11 option to produce PIC
configure:16808: result: -fno-common -DPIC
configure:16816: checking if g++ -std=gnu++11 PIC flag -fno-common -DPIC works
configure:16835: g++ -std=gnu++11 -c -g -O2  -fno-common -DPIC -DPIC conftest.cpp >&5
configure:16839: $? = 0
configure:16853: result: yes
configure:16876: checking if g++ -std=gnu++11 static flag -static works
configure:16906: result: no
configure:16918: checking if g++ -std=gnu++11 supports -c -o file.o
configure:16940: g++ -std=gnu++11 -c -g -O2  -o out/conftest2.o conftest.cpp >&5
configure:16944: $? = 0
configure:16967: result: yes
configure:16972: checking if g++ -std=gnu++11 supports -c -o file.o
configure:17021: result: yes
configure:17051: checking whether the g++ -std=gnu++11 linker (/Library/Developer/CommandLineTools/usr/bin/ld) supports shared libraries
configure:17091: result: yes
configure:17234: checking dynamic linker characteristics
configure:18528: result: darwin24.1.0 dyld
configure:18593: checking how to hardcode library paths into programs
configure:18618: result: immediate
configure:18663: checking whether g++ accepts -g -Wall -O3 -march=native -ffast-math -fno-exceptions
configure:18669: g++ -std=gnu++11 -c -g -Wall -O3 -march=native -ffast-math -fno-exceptions  conftest.cpp >&5
configure:18669: $? = 0
configure:18671: result: yes
configure:18701: checking for perl
configure:18724: found /usr/bin/perl
configure:18737: result: /usr/bin/perl
configure:18747: checking for math.h
configure:18747: g++ -std=gnu++11 -c -g -Wall -O3 -march=native -ffast-math -fno-exceptions  conftest.cpp >&5
configure:18747: $? = 0
configure:18747: result: yes
configure:18761: checking size of int
configure:18767: g++ -std=gnu++11 -o conftest -g -Wall -O3 -march=native -ffast-math -fno-exceptions   conftest.cpp  >&5
configure:18767: $? = 0
configure:18767: ./conftest
configure:18767: $? = 0
configure:18784: result: 4
configure:18798: checking for __builtin_expect
configure:18808: g++ -std=gnu++11 -c -g -Wall -O3 -march=native -ffast-math -fno-exceptions  conftest.cpp >&5
conftest.cpp:24:14: warning: ignoring return value of function declared with const attribute [-Wunused-value]
   24 | int main() { __builtin_expect(0, 0); }
      |              ^~~~~~~~~~~~~~~~ ~~~~
1 warning generated.
configure:18808: $? = 0
configure:18818: result: yes
configure:18831: checking for consteval
configure:18841: g++ -std=gnu++11 -c -g -Wall -O3 -march=native -ffast-math -fno-exceptions  conftest.cpp >&5
conftest.cpp:24:1: error: unknown type name 'consteval'; did you mean 'constexpr'?
   24 | consteval int sqr(int n) { return n*n; }
      | ^~~~~~~~~
      | constexpr
1 error generated.
configure:18841: $? = 1
configure: failed program was:
| /* confdefs.h */
| #define PACKAGE_NAME "reSID"
| #define PACKAGE_TARNAME "resid"
| #define PACKAGE_VERSION "1.0-pre1"
| #define PACKAGE_STRING "reSID 1.0-pre1"
| #define PACKAGE_BUGREPORT "resid@nimrod.no"
| #define PACKAGE_URL ""
| #define PACKAGE "resid"
| #define VERSION "1.0-pre1"
| #define HAVE_STDIO_H 1
| #define HAVE_STDLIB_H 1
| #define HAVE_STRING_H 1
| #define HAVE_INTTYPES_H 1
| #define HAVE_STDINT_H 1
| #define HAVE_STRINGS_H 1
| #define HAVE_SYS_STAT_H 1
| #define HAVE_SYS_TYPES_H 1
| #define HAVE_UNISTD_H 1
| #define STDC_HEADERS 1
| #define HAVE_DLFCN_H 1
| #define LT_OBJDIR ".libs/"
| #define SIZEOF_INT 4
| /* end confdefs.h.  */
| consteval int sqr(int n) { return n*n; }
configure:18851: result: no
configure:18854: checking for constexpr exp() and log2()
configure:18865: g++ -std=gnu++11 -c -g -Wall -O3 -march=native -ffast-math -fno-exceptions  conftest.cpp >&5
conftest.cpp:25:57: error: constexpr variable 'n' must be initialized by a constant expression
   25 |                                        constexpr double n = log2(10.0)*exp(-10.0);
      |                                                         ^   ~~~~~~~~~~~~~~~~~~~~~
conftest.cpp:25:61: note: non-constexpr function 'log2' cannot be used in a constant expression
   25 |                                        constexpr double n = log2(10.0)*exp(-10.0);
      |                                                             ^
/Library/Developer/CommandLineTools/SDKs/MacOSX.sdk/usr/include/math.h:382:15: note: declared here
  382 | extern double log2(double);
      |               ^
1 error generated.
configure:18865: $? = 1
configure: failed program was:
| /* confdefs.h */
| #define PACKAGE_NAME "reSID"
| #define PACKAGE_TARNAME "resid"
| #define PACKAGE_VERSION "1.0-pre1"
| #define PACKAGE_STRING "reSID 1.0-pre1"
| #define PACKAGE_BUGREPORT "resid@nimrod.no"
| #define PACKAGE_URL ""
| #define PACKAGE "resid"
| #define VERSION "1.0-pre1"
| #define HAVE_STDIO_H 1
| #define HAVE_STDLIB_H 1
| #define HAVE_STRING_H 1
| #define HAVE_INTTYPES_H 1
| #define HAVE_STDINT_H 1
| #define HAVE_STRINGS_H 1
| #define HAVE_SYS_STAT_H 1
| #define HAVE_SYS_TYPES_H 1
| #define HAVE_UNISTD_H 1
| #define STDC_HEADERS 1
| #define HAVE_DLFCN_H 1
| #define LT_OBJDIR ".libs/"
| #define SIZEOF_INT 4
| /* end confdefs.h.  */
| #include <cmath>
|                                        constexpr double n = log2(10.0)*exp(-10.0);
configure:18875: result: no
configure:18898: checking for constinit
configure:18908: g++ -std=gnu++11 -c -g -Wall -O3 -march=native -ffast-math -fno-exceptions  conftest.cpp >&5
conftest.cpp:24:1: error: unknown type name 'constinit'
   24 | constinit int a = 10;
      | ^
1 error generated.
configure:18908: $? = 1
configure: failed program was:
| /* confdefs.h */
| #define PACKAGE_NAME "reSID"
| #define PACKAGE_TARNAME "resid"
| #define PACKAGE_VERSION "1.0-pre1"
| #define PACKAGE_STRING "reSID 1.0-pre1"
| #define PACKAGE_BUGREPORT "resid@nimrod.no"
| #define PACKAGE_URL ""
| #define PACKAGE "resid"
| #define VERSION "1.0-pre1"
| #define HAVE_STDIO_H 1
| #define HAVE_STDLIB_H 1
| #define HAVE_STRING_H 1
| #define HAVE_INTTYPES_H 1
| #define HAVE_STDINT_H 1
| #define HAVE_STRINGS_H 1
| #define HAVE_SYS_STAT_H 1
| #define HAVE_SYS_TYPES_H 1
| #define HAVE_UNISTD_H 1
| #define STDC_HEADERS 1
| #define HAVE_DLFCN_H 1
| #define LT_OBJDIR ".libs/"
| #define SIZEOF_INT 4
| /* end confdefs.h.  */
| constinit int a = 10;
configure:18918: result: no
configure:19076: checking that generated files are newer than configure
configure:19082: result: done
configure:19121: creating ./config.status

## ---------------------- ##
## Running config.status. ##
## ---------------------- ##

This file was extended by reSID config.status 1.0-pre1, which was
generated by GNU Autoconf 2.72.  Invocation command line was

  CONFIG_FILES    = 
  CONFIG_HEADERS  = 
  CONFIG_LINKS    = 
  CONFIG_COMMANDS = 
  $ ./config.status 

on hayakzans-MacBook-Pro.local

config.status:1081: creating Makefile
config.status:1081: creating siddefs.h
config.status:1253: executing depfiles commands
config.status:1330: cd .       && sed -e '/# am--include-marker/d' Makefile         | make -f - am--depfiles
make: Nothing to be done for `am--depfiles'.
config.status:1335: $? = 0
config.status:1253: executing libtool commands

## ---------------- ##
## Cache variables. ##
## ---------------- ##

ac_cv_build=aarch64-apple-darwin24.1.0
ac_cv_c_compiler_gnu=yes
ac_cv_cxx_compiler_gnu=yes
ac_cv_env_CCC_set=
ac_cv_env_CCC_value=
ac_cv_env_CC_set=
ac_cv_env_CC_value=
ac_cv_env_CFLAGS_set=
ac_cv_env_CFLAGS_value=
ac_cv_env_CPPFLAGS_set=
ac_cv_env_CPPFLAGS_value=
ac_cv_env_CXXCPP_set=
ac_cv_env_CXXCPP_value=
ac_cv_env_CXXFLAGS_set=
ac_cv_env_CXXFLAGS_value=
ac_cv_env_CXX_set=
ac_cv_env_CXX_value=
ac_cv_env_LDFLAGS_set=
ac_cv_env_LDFLAGS_value=
ac_cv_env_LIBS_set=
ac_cv_env_LIBS_value=
ac_cv_env_LT_SYS_LIBRARY_PATH_set=
ac_cv_env_LT_SYS_LIBRARY_PATH_value=
ac_cv_env_build_alias_set=
ac_cv_env_build_alias_value=
ac_cv_env_host_alias_set=
ac_cv_env_host_alias_value=
ac_cv_env_target_alias_set=
ac_cv_env_target_alias_value=
ac_cv_header_dlfcn_h=yes
ac_cv_header_inttypes_h=yes
ac_cv_header_math_h=yes
ac_cv_header_stdint_h=yes
ac_cv_header_stdio_h=yes
ac_cv_header_stdlib_h=yes
ac_cv_header_string_h=yes
ac_cv_header_strings_h=yes
ac_cv_header_sys_stat_h=yes
ac_cv_header_sys_types_h=yes
ac_cv_header_unistd_h=yes
ac_cv_host=aarch64-apple-darwin24.1.0
ac_cv_objext=o
ac_cv_path_EGREP='/usr/bin/grep -E'
ac_cv_path_EGREP_TRADITIONAL='/usr/bin/grep -E'
ac_cv_path_FGREP='/usr/bin/grep -F'
ac_cv_path_GREP=/usr/bin/grep
ac_cv_path_PERL=/usr/bin/perl
ac_cv_path_SED=/usr/bin/sed
ac_cv_path_install='/usr/bin/install -c'
ac_cv_path_lt_DD=/bin/dd
ac_cv_prog_AWK=awk
ac_cv_prog_CXXCPP='g++ -std=gnu++11 -E'
ac_cv_prog_FILECMD=file
ac_cv_prog_ac_ct_AR=ar
ac_cv_prog_ac_ct_CC=gcc
ac_cv_prog_ac_ct_CXX=g++
ac_cv_prog_ac_ct_DSYMUTIL=dsymutil
ac_cv_prog_ac_ct_LIPO=lipo
ac_cv_prog_ac_ct_NMEDIT=nmedit
ac_cv_prog_ac_ct_OBJDUMP=objdump
ac_cv_prog_ac_ct_OTOOL=otool
ac_cv_prog_ac_ct_RANLIB=ranlib
ac_cv_prog_ac_ct_STRIP=strip
ac_cv_prog_cc_c11=
ac_cv_prog_cc_g=yes
ac_cv_prog_cc_stdc=
ac_cv_prog_cxx_cxx11=-std=gnu++11
ac_cv_prog_cxx_g=yes
ac_cv_prog_cxx_stdcxx=-std=gnu++11
ac_cv_prog_make_make_set=yes
ac_cv_sizeof_int=4
am_cv_CC_dependencies_compiler_type=gcc3
am_cv_CXX_dependencies_compiler_type=gcc3
am_cv_filesystem_timestamp_resolution=2
am_cv_make_support_nested_variables=yes
am_cv_prog_cc_c_o=yes
am_cv_sleep_fractional_seconds=yes
am_cv_xargs_n_works=yes
lt_cv_apple_cc_single_mod=no
lt_cv_ar_at_file=no
lt_cv_deplibs_check_method=pass_all
lt_cv_file_magic_cmd='$MAGIC_CMD'
lt_cv_file_magic_test_file=
lt_cv_ld_exported_symbols_list=yes
lt_cv_ld_force_load=yes
lt_cv_ld_reload_flag=-r
lt_cv_nm_interface='BSD nm'
lt_cv_objdir=.libs
lt_cv_path_LD=/Library/Developer/CommandLineTools/usr/bin/ld
lt_cv_path_LDCXX=/Library/Developer/CommandLineTools/usr/bin/ld
lt_cv_path_NM='/usr/bin/nm -B'
lt_cv_path_manifest_tool=no
lt_cv_prog_compiler_c_o=yes
lt_cv_prog_compiler_c_o_CXX=yes
lt_cv_prog_compiler_pic='-fno-common -DPIC'
lt_cv_prog_compiler_pic_CXX='-fno-common -DPIC'
lt_cv_prog_compiler_pic_works=yes
lt_cv_prog_compiler_pic_works_CXX=yes
lt_cv_prog_compiler_rtti_exceptions=yes
lt_cv_prog_compiler_static_works=no
lt_cv_prog_compiler_static_works_CXX=no
lt_cv_prog_gnu_ld=no
lt_cv_prog_gnu_ldcxx=no
lt_cv_sharedlib_from_linklib_cmd='printf %s\n'
lt_cv_support_no_fixup_chains=yes
lt_cv_sys_global_symbol_pipe='/usr/bin/sed -n -e '\''s/^.*[	 ]\([ABCDGIRSTW][ABCDGIRSTW]*\)[	 ][	 ]*_\([_A-Za-z][_A-Za-z0-9]*\)$/\1 _\2 \2/p'\'' | /usr/bin/sed '\''/ __gnu_lto/d'\'''
lt_cv_sys_global_symbol_to_c_name_address='/usr/bin/sed -n -e '\''s/^: \(.*\) .*$/  {"\1", (void *) 0},/p'\'' -e '\''s/^[ABCDGIRSTW][ABCDGIRSTW]* .* \(.*\)$/  {"\1", (void *) \&\1},/p'\'''
lt_cv_sys_global_symbol_to_c_name_address_lib_prefix='/usr/bin/sed -n -e '\''s/^: \(.*\) .*$/  {"\1", (void *) 0},/p'\'' -e '\''s/^[ABCDGIRSTW][ABCDGIRSTW]* .* \(lib.*\)$/  {"\1", (void *) \&\1},/p'\'' -e '\''s/^[ABCDGIRSTW][ABCDGIRSTW]* .* \(.*\)$/  {"lib\1", (void *) \&\1},/p'\'''
lt_cv_sys_global_symbol_to_cdecl='/usr/bin/sed -n -e '\''s/^T .* \(.*\)$/extern int \1();/p'\'' -e '\''s/^[ABCDGIRSTW][ABCDGIRSTW]* .* \(.*\)$/extern char \1;/p'\'''
lt_cv_sys_global_symbol_to_import=
lt_cv_sys_max_cmd_len=786432
lt_cv_to_host_file_cmd=func_convert_file_noop
lt_cv_to_tool_file_cmd=func_convert_file_noop
lt_cv_truncate_bin='/bin/dd bs=4096 count=1'
resid_cv_builtin_expect=yes
resid_cv_cxx_consteval=no
resid_cv_cxx_constexpr_cmath=no
resid_cv_cxx_constinit=no

## ----------------- ##
## Output variables. ##
## ----------------- ##

ACLOCAL='${SHELL} '\''/Users/hayakzan/Desktop/C64/reSID-master/src/build-aux/missing'\'' aclocal-1.17'
AMDEPBACKSLASH='\'
AMDEP_FALSE='#'
AMDEP_TRUE=''
AMTAR='$${TAR-tar}'
AM_BACKSLASH='\'
AM_DEFAULT_V='$(AM_DEFAULT_VERBOSITY)'
AM_DEFAULT_VERBOSITY='1'
AM_V='$(V)'
AR='ar'
AUTOCONF='${SHELL} '\''/Users/hayakzan/Desktop/C64/reSID-master/src/build-aux/missing'\'' autoconf'
AUTOHEADER='${SHELL} '\''/Users/hayakzan/Desktop/C64/reSID-master/src/build-aux/missing'\'' autoheader'
AUTOMAKE='${SHELL} '\''/Users/hayakzan/Desktop/C64/reSID-master/src/build-aux/missing'\'' automake-1.17'
AWK='awk'
CC='gcc'
CCDEPMODE='depmode=gcc3'
CFLAGS='-g -O2'
CPPFLAGS=''
CSCOPE='cscope'
CTAGS='ctags'
CXX='g++ -std=gnu++11'
CXXCPP='g++ -std=gnu++11 -E'
CXXDEPMODE='depmode=gcc3'
CXXFLAGS='-g -Wall -O3 -march=native -ffast-math -fno-exceptions'
CYGPATH_W='echo'
DEFS='-DPACKAGE_NAME=\"reSID\" -DPACKAGE_TARNAME=\"resid\" -DPACKAGE_VERSION=\"1.0-pre1\" -DPACKAGE_STRING=\"reSID\ 1.0-pre1\" -DPACKAGE_BUGREPORT=\"resid@nimrod.no\" -DPACKAGE_URL=\"\" -DPACKAGE=\"resid\" -DVERSION=\"1.0-pre1\" -DHAVE_STDIO_H=1 -DHAVE_STDLIB_H=1 -DHAVE_STRING_H=1 -DHAVE_INTTYPES_H=1 -DHAVE_STDINT_H=1 -DHAVE_STRINGS_H=1 -DHAVE_SYS_STAT_H=1 -DHAVE_SYS_TYPES_H=1 -DHAVE_UNISTD_H=1 -DSTDC_HEADERS=1 -DHAVE_DLFCN_H=1 -DLT_OBJDIR=\".libs/\" -DSIZEOF_INT=4'
DEPDIR='.deps'
DLLTOOL='false'
DSYMUTIL='dsymutil'
DUMPBIN=''
ECHO_C='\c'
ECHO_N=''
ECHO_T=''
EGREP='/usr/bin/grep -E'
ETAGS='etags'
EXEEXT=''
FGREP='/usr/bin/grep -F'
FILECMD='file'
GREP='/usr/bin/grep'
HAVE_BUILTIN_EXPECT='1'
INSTALL_DATA='${INSTALL} -m 644'
INSTALL_PROGRAM='${INSTALL}'
INSTALL_SCRIPT='${INSTALL}'
INSTALL_STRIP_PROGRAM='$(install_sh) -c -s'
LD='/Library/Developer/CommandLineTools/usr/bin/ld'
LDFLAGS=''
LIBOBJS=''
LIBS=''
LIBTOOL='$(SHELL) $(top_builddir)/libtool'
LIPO='lipo'
LN_S='ln -s'
LTLIBOBJS=''
LTVERSION='6:0:0'
LT_SYS_LIBRARY_PATH=''
MAKEINFO='${SHELL} '\''/Users/hayakzan/Desktop/C64/reSID-master/src/build-aux/missing'\'' makeinfo'
MANIFEST_TOOL=':'
MKDIR_P='mkdir -p'
NM='/usr/bin/nm -B'
NMEDIT='nmedit'
OBJDUMP='objdump'
OBJEXT='o'
OTOOL64=':'
OTOOL='otool'
PACKAGE='resid'
PACKAGE_BUGREPORT='resid@nimrod.no'
PACKAGE_NAME='reSID'
PACKAGE_STRING='reSID 1.0-pre1'
PACKAGE_TARNAME='resid'
PACKAGE_URL=''
PACKAGE_VERSION='1.0-pre1'
PATH_SEPARATOR=':'
PERL='/usr/bin/perl'
RANLIB='ranlib'
RESID_BRANCH_HINTS='1'
RESID_CONSTEVAL=''
RESID_CONSTEXPR='const'
RESID_CONSTINIT=''
RESID_FPGA_CODE='0'
RESID_INLINE='inline'
RESID_INLINING='1'
SED='/usr/bin/sed'
SET_MAKE=''
SHELL='/bin/sh'
STRIP='strip'
VERSION='1.0-pre1'
ac_ct_AR='ar'
ac_ct_CC='gcc'
ac_ct_CXX='g++'
ac_ct_DUMPBIN=''
am__EXEEXT_FALSE=''
am__EXEEXT_TRUE='#'
am__fastdepCC_FALSE='#'
am__fastdepCC_TRUE=''
am__fastdepCXX_FALSE='#'
am__fastdepCXX_TRUE=''
am__include='include'
am__isrc=''
am__leading_dot='.'
am__nodep='_no'
am__quote=''
am__rm_f_notfound=''
am__tar='$${TAR-tar} chof - "$$tardir"'
am__untar='$${TAR-tar} xf -'
am__xargs_n='xargs -n'
bindir='${exec_prefix}/bin'
build='aarch64-apple-darwin24.1.0'
build_alias=''
build_cpu='aarch64'
build_os='darwin24.1.0'
build_vendor='apple'
datadir='${datarootdir}'
datarootdir='${prefix}/share'
docdir='${datarootdir}/doc/${PACKAGE_TARNAME}'
dvidir='${docdir}'
exec_prefix='${prefix}'
host='aarch64-apple-darwin24.1.0'
host_alias=''
host_cpu='aarch64'
host_os='darwin24.1.0'
host_vendor='apple'
htmldir='${docdir}'
includedir='${prefix}/include'
infodir='${datarootdir}/info'
install_sh='${SHELL} /Users/hayakzan/Desktop/C64/reSID-master/src/build-aux/install-sh'
libdir='${exec_prefix}/lib'
libexecdir='${exec_prefix}/libexec'
localedir='${datarootdir}/locale'
localstatedir='${prefix}/var'
mandir='${datarootdir}/man'
mkdir_p='$(MKDIR_P)'
oldincludedir='/usr/include'
pdfdir='${docdir}'
prefix='/usr/local'
program_transform_name='s,x,x,'
psdir='${docdir}'
runstatedir='${localstatedir}/run'
sbindir='${exec_prefix}/sbin'
sharedstatedir='${prefix}/com'
sysconfdir='${prefix}/etc'
target_alias=''

## ----------- ##
## confdefs.h. ##
## ----------- ##

/* confdefs.h */
#define PACKAGE_NAME "reSID"
#define PACKAGE_TARNAME "resid"
#define PACKAGE_VERSION "1.0-pre1"
#define PACKAGE_STRING "reSID 1.0-pre1"
#define PACKAGE_BUGREPORT "resid@nimrod.no"
#define PACKAGE_URL ""
#define PACKAGE "resid"
#define VERSION "1.0-pre1"
#define HAVE_STDIO_H 1
#define HAVE_STDLIB_H 1
#define HAVE_STRING_H 1
#define HAVE_INTTYPES_H 1
#define HAVE_STDINT_H 1
#define HAVE_STRINGS_H 1
#define HAVE_SYS_STAT_H 1
#define HAVE_SYS_TYPES_H 1
#define HAVE_UNISTD_H 1
#define STDC_HEADERS 1
#define HAVE_DLFCN_H 1
#define LT_OBJDIR ".libs/"
#define SIZEOF_INT 4

configure: exit 0
